<?xml version="1.0" encoding="UTF-8"?>
<!-- Generated by org.testng.reporters.JUnitReportReporter -->
<testsuite hostname="Ashish-PC" name="testcases.TC_02" tests="1" failures="0" timestamp="25 Jul 2017 18:05:57 GMT" time="9.304" errors="0">
  <testcase name="QA_TC_01" time="9.304" classname="testcases.TC_02"/>
</testsuite> <!-- testcases.TC_02 -->
